2025-09-17 06:16:11 - services.auth_service - ERROR - test_logging:19 - Testing auth logger - ERROR level
2025-09-17 06:16:11 - services.storage_service - ERROR - test_logging:26 - Testing storage logger - ERROR level
2025-09-17 06:16:12 - services.prompt_service - ERROR - test_logging:33 - Testing prompt logger - ERROR level
2025-09-17 06:16:12 - services.job_service - ERROR - test_logging:40 - Testing job logger - ERROR level
2025-09-17 07:04:11 - services.prompt_service - ERROR - get_random_prompt:60 - Error generating prompt: 'list' object has no attribute 'keys'
2025-09-17 07:09:48 - services.prompt_service - ERROR - get_random_prompt:60 - Error generating prompt: 'list' object has no attribute 'keys'
2025-09-17 07:26:11 - services.prompt_service - ERROR - get_random_prompt:109 - Error generating prompt: 'Lo-Fi'
2025-09-17 17:45:54 - services.project_service - ERROR - create_music_clip_project:45 - Failed to create music-clip project: Mapper 'Mapper[SocialAccount(social_accounts)]' has no property 'user'.  If this property was indicated from other mappers or configure events, ensure registry.configure() has been called.
2025-09-17 17:46:04 - services.project_service - ERROR - create_music_clip_project:45 - Failed to create music-clip project: One or more mappers failed to initialize - can't proceed with initialization of other mappers. Triggering mapper: 'Mapper[User(users)]'. Original exception was: Mapper 'Mapper[SocialAccount(social_accounts)]' has no property 'user'.  If this property was indicated from other mappers or configure events, ensure registry.configure() has been called.
2025-09-17 17:46:26 - services.project_service - ERROR - create_music_clip_project:45 - Failed to create music-clip project: Mapper 'Mapper[Track(tracks)]' has no property 'project'.  If this property was indicated from other mappers or configure events, ensure registry.configure() has been called.
2025-09-17 17:46:47 - services.project_service - ERROR - create_music_clip_project:45 - Failed to create music-clip project: Mapper 'Mapper[Video(videos)]' has no property 'project'.  If this property was indicated from other mappers or configure events, ensure registry.configure() has been called.
2025-09-17 17:46:59 - services.project_service - ERROR - create_music_clip_project:45 - Failed to create music-clip project: One or more mappers failed to initialize - can't proceed with initialization of other mappers. Triggering mapper: 'Mapper[Project(projects)]'. Original exception was: Mapper 'Mapper[Video(videos)]' has no property 'project'.  If this property was indicated from other mappers or configure events, ensure registry.configure() has been called.
2025-09-17 17:47:13 - services.project_service - ERROR - create_music_clip_project:45 - Failed to create music-clip project: Mapper 'Mapper[Video(videos)]' has no property 'project'.  If this property was indicated from other mappers or configure events, ensure registry.configure() has been called.
2025-09-17 17:48:14 - services.project_service - ERROR - create_music_clip_project:45 - Failed to create music-clip project: Could not determine join condition between parent/child tables on relationship Project.stats - there are no foreign keys linking these tables.  Ensure that referencing columns are associated with a ForeignKey or ForeignKeyConstraint, or specify a 'primaryjoin' expression.
2025-09-17 17:48:36 - services.project_service - ERROR - create_music_clip_project:45 - Failed to create music-clip project: (psycopg2.errors.InvalidTextRepresentation) invalid input syntax for type uuid: "demo-user"
LINE 1: ...ES ('7871df3e-e14e-4e76-afc9-1c332143c346'::UUID, 'demo-user...
                                                             ^

[SQL: INSERT INTO projects (id, user_id, type, name, description, status, created_at, updated_at) VALUES (%(id)s::UUID, %(user_id)s::UUID, %(type)s, %(name)s, %(description)s, %(status)s, %(created_at)s, %(updated_at)s)]
[parameters: {'id': '7871df3e-e14e-4e76-afc9-1c332143c346', 'user_id': 'demo-user', 'type': 'music-clip', 'name': 'music-clip-7871df3e', 'description': None, 'status': 'DRAFT', 'created_at': datetime.datetime(2025, 9, 17, 15, 48, 36, 554736), 'updated_at': datetime.datetime(2025, 9, 17, 15, 48, 36, 568308)}]
(Background on this error at: https://sqlalche.me/e/20/9h9h)
2025-09-17 17:48:49 - services.project_service - ERROR - create_music_clip_project:45 - Failed to create music-clip project: (psycopg2.errors.ForeignKeyViolation) insert or update on table "projects" violates foreign key constraint "projects_user_id_fkey"
DETAIL:  Key (user_id)=(00000000-0000-0000-0000-000000000001) is not present in table "users".

[SQL: INSERT INTO projects (id, user_id, type, name, description, status, created_at, updated_at) VALUES (%(id)s::UUID, %(user_id)s::UUID, %(type)s, %(name)s, %(description)s, %(status)s, %(created_at)s, %(updated_at)s)]
[parameters: {'id': 'b18ca54b-5d04-44fe-998c-52c48c29e66c', 'user_id': '00000000-0000-0000-0000-000000000001', 'type': 'music-clip', 'name': 'music-clip-b18ca54b', 'description': None, 'status': 'DRAFT', 'created_at': datetime.datetime(2025, 9, 17, 15, 48, 49, 142688), 'updated_at': datetime.datetime(2025, 9, 17, 15, 48, 49, 160267)}]
(Background on this error at: https://sqlalche.me/e/20/gkpj)
2025-09-17 17:49:15 - services.project_service - ERROR - create_music_clip_project:45 - Failed to create music-clip project: An error occurred (NoSuchBucket) when calling the PutObject operation: The specified bucket does not exist
2025-09-17 17:50:04 - services.storage_service - ERROR - upload_file_object:36 - File upload failed for projects/94c51bf8-5528-4d3c-9f85-89290972e92a/music/8d14cb2a-a30b-4bd7-a5bc-fae7ec1f4568.wav: An error occurred (NoSuchBucket) when calling the PutObject operation: The specified bucket does not exist
2025-09-17 17:50:04 - services.project_service - ERROR - upload_music_track:127 - Failed to upload track: An error occurred (NoSuchBucket) when calling the PutObject operation: The specified bucket does not exist
2025-09-17 17:50:15 - services.storage_service - ERROR - upload_file_object:36 - File upload failed for projects/d5497acb-79b6-4eeb-a3c5-73f96f57703d/music/5c116e90-40e3-4c95-aa26-f073c7b9e86f.wav: An error occurred (NoSuchBucket) when calling the PutObject operation: The specified bucket does not exist
2025-09-17 17:50:15 - services.project_service - ERROR - upload_music_track:127 - Failed to upload track: An error occurred (NoSuchBucket) when calling the PutObject operation: The specified bucket does not exist
2025-09-17 17:50:38 - services.project_service - ERROR - upload_music_track:136 - Failed to upload track: local variable 'os' referenced before assignment
2025-09-17 17:50:49 - services.project_service - ERROR - upload_music_track:135 - Failed to upload track: An error occurred (NoSuchBucket) when calling the GetObject operation: The specified bucket does not exist
2025-09-17 17:51:08 - services.project_service - ERROR - update_project_settings:175 - Failed to update project settings: An error occurred (NoSuchBucket) when calling the GetObject operation: The specified bucket does not exist
2025-09-17 17:51:10 - services.project_service - ERROR - get_project_script:207 - Failed to get project script: An error occurred (NoSuchBucket) when calling the GetObject operation: The specified bucket does not exist
2025-09-17 18:38:34 - services.project_service - ERROR - upload_music_track:153 - Failed to upload track: 'prompt' is an invalid keyword argument for Track
2025-09-17 18:38:35 - services.project_service - ERROR - upload_music_track:153 - Failed to upload track: 'prompt' is an invalid keyword argument for Track
2025-09-17 18:38:36 - services.project_service - ERROR - upload_music_track:153 - Failed to upload track: 'prompt' is an invalid keyword argument for Track
2025-09-17 18:38:37 - services.project_service - ERROR - upload_music_track:153 - Failed to upload track: 'prompt' is an invalid keyword argument for Track
2025-09-17 18:38:37 - services.project_service - ERROR - upload_music_track:153 - Failed to upload track: 'prompt' is an invalid keyword argument for Track
2025-09-17 18:43:39 - services.project_service - ERROR - create_music_clip_project:44 - Failed to create music-clip project: (psycopg2.errors.ForeignKeyViolation) insert or update on table "projects" violates foreign key constraint "projects_user_id_fkey"
DETAIL:  Key (user_id)=(00000000-0000-0000-0000-000000000001) is not present in table "users".

[SQL: INSERT INTO projects (id, user_id, type, name, description, status, created_at, updated_at) VALUES (%(id)s::UUID, %(user_id)s::UUID, %(type)s, %(name)s, %(description)s, %(status)s, %(created_at)s, %(updated_at)s)]
[parameters: {'id': '3550bacc-fabf-41cd-a35e-5ff5a92343ad', 'user_id': '00000000-0000-0000-0000-000000000001', 'type': 'music-clip', 'name': 'Music Clip 17/09/2025', 'description': 'AI-generated music video project', 'status': 'DRAFT', 'created_at': datetime.datetime(2025, 9, 17, 16, 43, 39, 903442), 'updated_at': datetime.datetime(2025, 9, 17, 16, 43, 39, 918550)}]
(Background on this error at: https://sqlalche.me/e/20/gkpj)
2025-09-17 18:44:16 - services.project_service - ERROR - create_music_clip_project:44 - Failed to create music-clip project: (psycopg2.errors.ForeignKeyViolation) insert or update on table "projects" violates foreign key constraint "projects_user_id_fkey"
DETAIL:  Key (user_id)=(00000000-0000-0000-0000-000000000001) is not present in table "users".

[SQL: INSERT INTO projects (id, user_id, type, name, description, status, created_at, updated_at) VALUES (%(id)s::UUID, %(user_id)s::UUID, %(type)s, %(name)s, %(description)s, %(status)s, %(created_at)s, %(updated_at)s)]
[parameters: {'id': 'cd3376c9-faf2-468e-b718-14668b2c7fdf', 'user_id': '00000000-0000-0000-0000-000000000001', 'type': 'music-clip', 'name': 'Music Clip 17/09/2025', 'description': 'AI-generated music video project', 'status': 'DRAFT', 'created_at': datetime.datetime(2025, 9, 17, 16, 44, 16, 225583), 'updated_at': datetime.datetime(2025, 9, 17, 16, 44, 16, 244375)}]
(Background on this error at: https://sqlalche.me/e/20/gkpj)
2025-09-17 20:00:16 - services.project_service - ERROR - create_music_clip_project:44 - Failed to create music-clip project: (psycopg2.errors.ForeignKeyViolation) insert or update on table "projects" violates foreign key constraint "projects_user_id_fkey"
DETAIL:  Key (user_id)=(00000000-0000-0000-0000-000000000001) is not present in table "users".

[SQL: INSERT INTO projects (id, user_id, type, name, description, status, created_at, updated_at) VALUES (%(id)s::UUID, %(user_id)s::UUID, %(type)s, %(name)s, %(description)s, %(status)s, %(created_at)s, %(updated_at)s)]
[parameters: {'id': '53d261ab-f13c-4f0e-b0f6-3fd83bcf5258', 'user_id': '00000000-0000-0000-0000-000000000001', 'type': 'music-clip', 'name': 'Music Clip 17/09/2025', 'description': 'AI-generated music video project', 'status': 'DRAFT', 'created_at': datetime.datetime(2025, 9, 17, 18, 0, 16, 918908), 'updated_at': datetime.datetime(2025, 9, 17, 18, 0, 16, 934237)}]
(Background on this error at: https://sqlalche.me/e/20/gkpj)
2025-09-17 20:01:14 - services.auth_service - ERROR - get_password_hash:46 - Password hashing error: bcrypt: no backends available -- recommend you install one (e.g. 'pip install bcrypt')
2025-09-17 21:48:22 - services.project_service - ERROR - create_music_clip_project:89 - Failed to create music-clip project: (psycopg2.errors.ForeignKeyViolation) insert or update on table "projects" violates foreign key constraint "projects_user_id_fkey"
DETAIL:  Key (user_id)=(00000000-0000-0000-0000-000000000001) is not present in table "users".

[SQL: INSERT INTO projects (id, user_id, type, name, description, status, created_at, updated_at) VALUES (%(id)s::UUID, %(user_id)s::UUID, %(type)s, %(name)s, %(description)s, %(status)s, %(created_at)s, %(updated_at)s)]
[parameters: {'id': '3c9cddfb-fd11-4d04-a7e7-f6ee8c7e61a1', 'user_id': '00000000-0000-0000-0000-000000000001', 'type': 'music-clip', 'name': 'Music Clip 17/09/2025', 'description': 'AI-generated music video project', 'status': 'DRAFT', 'created_at': datetime.datetime(2025, 9, 17, 19, 48, 22, 503490), 'updated_at': datetime.datetime(2025, 9, 17, 19, 48, 22, 508216)}]
(Background on this error at: https://sqlalche.me/e/20/gkpj)
2025-09-17 21:48:24 - services.project_service - ERROR - create_music_clip_project:89 - Failed to create music-clip project: (psycopg2.errors.ForeignKeyViolation) insert or update on table "projects" violates foreign key constraint "projects_user_id_fkey"
DETAIL:  Key (user_id)=(00000000-0000-0000-0000-000000000001) is not present in table "users".

[SQL: INSERT INTO projects (id, user_id, type, name, description, status, created_at, updated_at) VALUES (%(id)s::UUID, %(user_id)s::UUID, %(type)s, %(name)s, %(description)s, %(status)s, %(created_at)s, %(updated_at)s)]
[parameters: {'id': '07b235ce-cb62-4f35-afa2-692f55324e25', 'user_id': '00000000-0000-0000-0000-000000000001', 'type': 'music-clip', 'name': 'Music Clip 17/09/2025', 'description': 'AI-generated music video project', 'status': 'DRAFT', 'created_at': datetime.datetime(2025, 9, 17, 19, 48, 24, 664859), 'updated_at': datetime.datetime(2025, 9, 17, 19, 48, 24, 666157)}]
(Background on this error at: https://sqlalche.me/e/20/gkpj)
2025-09-17 22:18:28 - services.project_service - ERROR - list_music_clip_projects:67 - Failed to list music-clip projects: 'Track' object has no attribute 'duration'
